Sequence                		tRNA   	Bounds 	tRNA	Anti	Intron Bounds	Inf	      
Name                    	tRNA #	Begin  	End    	Type	Codon	Begin	End	Score	Note
--------                	------	-----  	------ 	----	-----	-----	----	------	------
scf7180000000004|quiver 	1	160396 	160468 	Thr	CGT	0	0	67.6	
scf7180000000004|quiver 	2	705674 	705744 	Arg	GCG	0	0	20.8	pseudo
scf7180000000004|quiver 	3	727326 	727399 	Ile2	CAT	0	0	80.1	
scf7180000000004|quiver 	4	1301027	1301161	Leu	TAA	1301092	1301126	23.2	
scf7180000000004|quiver 	5	1450752	1450825	Arg	TCT	0	0	69.4	
scf7180000000004|quiver 	6	1641856	1641927	Arg	CCG	0	0	57.4	
scf7180000000004|quiver 	7	2246595	2246667	Val	TAC	0	0	78.4	
scf7180000000004|quiver 	8	2246674	2246746	Lys	TTT	0	0	81.7	
scf7180000000004|quiver 	9	2246763	2246844	Leu	TAG	0	0	69.0	
scf7180000000004|quiver 	10	2246851	2246926	Thr	TGT	0	0	88.3	
scf7180000000004|quiver 	11	2246931	2247002	Gly	GCC	0	0	82.3	
scf7180000000004|quiver 	12	2247018	2247103	Leu	TAA	0	0	68.7	
scf7180000000004|quiver 	13	2247118	2247191	Arg	ACG	0	0	71.2	
scf7180000000004|quiver 	14	2247281	2247354	Pro	TGG	0	0	79.9	
scf7180000000004|quiver 	15	2623798	2623870	Ala	TGC	0	0	74.9	
scf7180000000004|quiver 	16	2627179	2627252	Asn	GTT	0	0	70.4	
scf7180000000004|quiver 	17	2658754	2658843	Ser	CGA	0	0	69.2	
scf7180000000004|quiver 	18	1974930	1974858	Val	TAC	0	0	78.4	
scf7180000000004|quiver 	19	1974851	1974779	Lys	TTT	0	0	81.7	
scf7180000000004|quiver 	20	1974762	1974681	Leu	TAG	0	0	69.0	
scf7180000000004|quiver 	21	1974674	1974599	Thr	TGT	0	0	88.3	
scf7180000000004|quiver 	22	1974594	1974523	Gly	GCC	0	0	82.3	
scf7180000000004|quiver 	23	1974507	1974422	Leu	TAA	0	0	68.7	
scf7180000000004|quiver 	24	1974407	1974334	Arg	ACG	0	0	71.2	
scf7180000000004|quiver 	25	1974322	1974249	Pro	TGG	0	0	79.9	
scf7180000000004|quiver 	26	1974235	1974163	Ala	TGC	0	0	74.9	
scf7180000000004|quiver 	27	1974139	1974066	Met	CAT	0	0	69.1	
scf7180000000004|quiver 	28	1974045	1973972	Ile2	CAT	0	0	80.4	
scf7180000000004|quiver 	29	1973938	1973849	Ser	TGA	0	0	69.3	
scf7180000000004|quiver 	30	1973815	1973742	fMet	CAT	0	0	72.6	
scf7180000000004|quiver 	31	1973703	1973627	Asp	GTC	0	0	81.9	
scf7180000000004|quiver 	32	1973625	1973555	Gly	TCC	0	0	75.4	
scf7180000000004|quiver 	33	1973545	1973472	Ile	GAT	0	0	81.2	
scf7180000000004|quiver 	34	1973457	1973386	Glu	TTC	0	0	71.4	
scf7180000000004|quiver 	35	1973373	1973284	Ser	TGA	0	0	69.3	
scf7180000000004|quiver 	36	1973250	1973177	fMet	CAT	0	0	72.6	
scf7180000000004|quiver 	37	1973128	1973055	Asp	GTC	0	0	75.0	
scf7180000000004|quiver 	38	1973049	1972977	Phe	GAA	0	0	68.3	
scf7180000000004|quiver 	39	1972962	1972892	Gly	TCC	0	0	75.4	
scf7180000000004|quiver 	40	1972878	1972805	Ile	GAT	0	0	81.2	
scf7180000000004|quiver 	41	1972794	1972707	Ser	GCT	0	0	71.8	
scf7180000000004|quiver 	42	1972691	1972620	Glu	TTC	0	0	71.4	
scf7180000000004|quiver 	43	1821731	1821659	Lys	CTT	0	0	73.2	
scf7180000000004|quiver 	44	1787497	1787408	Undet	NNN	0	0	24.1	pseudo
scf7180000000004|quiver 	45	1401411	1401338	Arg	CCT	0	0	65.3	
scf7180000000004|quiver 	46	1361957	1361885	Ala	TGC	0	0	74.9	
scf7180000000004|quiver 	47	1358576	1358503	Asn	GTT	0	0	70.4	
scf7180000000004|quiver 	48	1358459	1358371	Ser	GGA	0	0	70.2	
scf7180000000004|quiver 	49	1358353	1358282	Glu	TTC	0	0	71.4	
scf7180000000004|quiver 	50	1358254	1358182	Val	TAC	0	0	78.4	
scf7180000000004|quiver 	51	1358171	1358096	Asp	GTC	0	0	74.5	
scf7180000000004|quiver 	52	1358050	1357978	Phe	GAA	0	0	71.1	
scf7180000000004|quiver 	53	1357972	1357892	Tyr	GTA	0	0	70.3	
scf7180000000004|quiver 	54	1357887	1357814	Trp	CCA	0	0	72.2	
scf7180000000004|quiver 	55	1357777	1357705	His	GTG	0	0	62.9	
scf7180000000004|quiver 	56	1357690	1357619	Gln	TTG	0	0	68.2	
scf7180000000004|quiver 	57	1357593	1357523	Cys	GCA	0	0	70.6	
scf7180000000004|quiver 	58	1357509	1357426	Leu	CAA	0	0	66.6	
scf7180000000004|quiver 	59	1086422	1086339	Leu	GAG	0	0	61.0	
scf7180000000004|quiver 	60	1075089	1075009	Tyr	GTA	0	0	70.3	
scf7180000000004|quiver 	61	1074999	1074928	Gln	TTG	0	0	68.2	
scf7180000000004|quiver 	62	446781 	446709 	Thr	GGT	0	0	71.8	
